[2024-09-09 05:06:07] local.INFO: Adding Product : {"_token":"81gy2VCPyw0HM0ishjyzhBIwjJSHWgCwysf43O9J","_method":"post","name":"IPhone","qty":"15","price":"150000.00","description":"IPhone 15","create":"Create"}  
[2024-09-09 05:08:46] local.INFO: Updating Product : {"_token":"81gy2VCPyw0HM0ishjyzhBIwjJSHWgCwysf43O9J","_method":"post","name":"IPhone","qty":"1000","price":"200000.00","description":"Brand New IPhone 16","create":"Create"}  
[2024-09-09 05:11:11] local.INFO: Adding Product : {"_token":"81gy2VCPyw0HM0ishjyzhBIwjJSHWgCwysf43O9J","_method":"post","name":"IPhone 16","qty":"1000","price":"200000.00","description":"Brand New IPhone 16","create":"Create"}  
[2024-09-09 05:11:33] local.INFO: Updating Product : {"_token":"81gy2VCPyw0HM0ishjyzhBIwjJSHWgCwysf43O9J","_method":"post","name":"IPhone 16","qty":"1000","price":"200000.00","description":"Brand New IPhone 16 with new Features","update":"Update"}  
[2024-09-09 05:12:06] local.INFO: Deleting Product : {"_token":"81gy2VCPyw0HM0ishjyzhBIwjJSHWgCwysf43O9J","_method":"put"}  
[2024-09-09 05:12:58] local.INFO: Adding Product : {"_token":"81gy2VCPyw0HM0ishjyzhBIwjJSHWgCwysf43O9J","_method":"post","name":"IPhone 16","qty":"1000","price":"200000.00","description":"Brand New IPhone 16","create":"Create"}  
[2024-09-09 05:13:03] local.INFO: Deleting Product : {"_token":"81gy2VCPyw0HM0ishjyzhBIwjJSHWgCwysf43O9J","_method":"post"}  
[2024-09-09 05:54:32] local.INFO: Adding Product : {"_token":"81gy2VCPyw0HM0ishjyzhBIwjJSHWgCwysf43O9J","_method":"post","name":"IPhone 16","qty":"1000","price":"200000.00","description":"Brand New IPhone 16","create":"Create"}  
[2024-09-09 05:54:44] local.INFO: Updating Product : {"_token":"81gy2VCPyw0HM0ishjyzhBIwjJSHWgCwysf43O9J","_method":"post","name":"IPhone 16","qty":"1000","price":"200000.00","description":"Brand New IPhone 16 with new Features","update":"Update"}  
[2024-09-09 05:55:03] local.INFO: Deleting Product : {"_token":"81gy2VCPyw0HM0ishjyzhBIwjJSHWgCwysf43O9J","_method":"post"}  
[2024-09-09 06:01:04] local.INFO: Adding Product : {"_token":"81gy2VCPyw0HM0ishjyzhBIwjJSHWgCwysf43O9J","_method":"post","name":"IPhone 16","qty":"1000","price":"200000.00","description":"Brand New IPhone 16","create":"Create"}  
[2024-09-10 04:55:56] local.INFO: Adding Product : {"_token":"leMCw3qMB3M6QUpX2txTGxrbk7Tg81Q8g2Qzdyq6","_method":"post","name":"IPhone 17","qty":"1000","price":"200000.00","description":"Brand New IPhone 17","create":"Create"}  
[2024-09-10 04:56:02] local.INFO: Deleting Product : {"id":10,"name":"IPhone 17","qty":1000,"price":"200000.00","description":"Brand New IPhone 17","created_at":"2024-09-10T04:55:56.000000Z","updated_at":"2024-09-10T04:55:56.000000Z"}  
[2024-09-10 08:26:40] local.INFO: Using API => Adding Product : {"name":"Vivo 7","qty":2000,"price":15000,"description":"Best Camera Quality"}  
[2024-09-10 08:31:28] local.INFO: Using API => Deleting Product : {"id":15,"name":"Oppo 111","qty":250,"price":"30000.00","description":"Best Camera Quality","created_at":"2024-09-10T08:14:30.000000Z","updated_at":"2024-09-10T08:14:30.000000Z"}  
[2024-09-10 08:31:51] local.INFO: Using API => Deleting Product : {"id":12,"name":"OnePlus","qty":45,"price":"50000.00","description":"Green Light","created_at":"2024-09-10T08:04:52.000000Z","updated_at":"2024-09-10T08:04:52.000000Z"}  
[2024-09-10 08:35:11] local.INFO: Using API => Adding Product : {"name":"ASUS","qty":90,"price":"180000","description":"Gamer's Choice"}  
[2024-09-10 08:35:31] local.INFO: Using API => Adding Product : {"id":13,"name":"OnePlus","qty":45,"price":"50000.00","description":"Green Light","created_at":"2024-09-10T08:08:26.000000Z","updated_at":"2024-09-10T08:08:26.000000Z"}  
[2024-09-10 08:35:46] local.INFO: Using API => Adding Product : {"id":13,"name":"OnePlus","qty":45,"price":"50000.00","description":"Green Light","created_at":"2024-09-10T08:08:26.000000Z","updated_at":"2024-09-10T08:08:26.000000Z"}  
[2024-09-10 08:36:37] local.INFO: Using API => Adding Product : {"id":13,"name":"OnePlus","qty":45,"price":"50000.00","description":"Green Light","created_at":"2024-09-10T08:08:26.000000Z","updated_at":"2024-09-10T08:08:26.000000Z"}  
[2024-09-10 08:36:39] local.INFO: Using API => Updating Product : {"id":13,"name":"OnePlus","qty":45,"price":"50000.00","description":"Green Light","created_at":"2024-09-10T08:08:26.000000Z","updated_at":"2024-09-10T08:08:26.000000Z"}  
[2024-09-10 08:37:01] local.INFO: Using API => Updating Product : {"id":13,"name":"OnePlus","qty":45,"price":"50000.00","description":"Green Light","created_at":"2024-09-10T08:08:26.000000Z","updated_at":"2024-09-10T08:08:26.000000Z"}  
